<?xml version="1.0" encoding="UTF-8"?>
<testng-results skipped="0" failed="0" ignored="0" total="1" passed="1">
  <reporter-output>
  </reporter-output>
  <suite name="Suite" duration-ms="284340" started-at="2022-03-17T05:41:13Z" finished-at="2022-03-17T05:45:57Z">
    <groups>
    </groups>
    <test name="Test" duration-ms="284340" started-at="2022-03-17T05:41:13Z" finished-at="2022-03-17T05:45:57Z">
      <class name="prRequisition.Sbs">
        <test-method status="PASS" signature="startDriver()[pri:0, instance:prRequisition.Sbs@7c469c48]" name="startDriver" is-config="true" duration-ms="3464" started-at="2022-03-17T11:11:13Z" finished-at="2022-03-17T11:11:16Z">
          <reporter-output>
          </reporter-output>
        </test-method> <!-- startDriver -->
        <test-method status="PASS" signature="sbs(java.lang.String)[pri:0, instance:prRequisition.Sbs@7c469c48]" name="sbs" duration-ms="279576" started-at="2022-03-17T11:11:16Z" finished-at="2022-03-17T11:15:56Z">
          <params>
            <param index="0">
              <value>
                <![CDATA[TestDataProvideSBS]]>
              </value>
            </param>
          </params>
          <reporter-output>
          </reporter-output>
        </test-method> <!-- sbs -->
        <test-method status="PASS" signature="quitDriver()[pri:0, instance:prRequisition.Sbs@7c469c48]" name="quitDriver" is-config="true" duration-ms="1268" started-at="2022-03-17T11:15:56Z" finished-at="2022-03-17T11:15:57Z">
          <reporter-output>
          </reporter-output>
        </test-method> <!-- quitDriver -->
      </class> <!-- prRequisition.Sbs -->
    </test> <!-- Test -->
  </suite> <!-- Suite -->
</testng-results>
