<?xml version="1.0" encoding="UTF-8"?>
<testng-results skipped="0" failed="0" ignored="0" total="1" passed="1">
  <reporter-output>
  </reporter-output>
  <suite name="Suite" duration-ms="540868" started-at="2022-03-16T06:27:26Z" finished-at="2022-03-16T06:36:27Z">
    <groups>
    </groups>
    <test name="Test" duration-ms="540868" started-at="2022-03-16T06:27:26Z" finished-at="2022-03-16T06:36:27Z">
      <class name="prRequisition.Sbs">
        <test-method status="PASS" signature="startDriver()[pri:0, instance:prRequisition.Sbs@7c469c48]" name="startDriver" is-config="true" duration-ms="2242" started-at="2022-03-16T11:57:26Z" finished-at="2022-03-16T11:57:28Z">
          <reporter-output>
          </reporter-output>
        </test-method> <!-- startDriver -->
        <test-method status="PASS" signature="sbs(java.lang.String)[pri:0, instance:prRequisition.Sbs@7c469c48]" name="sbs" duration-ms="537315" started-at="2022-03-16T11:57:28Z" finished-at="2022-03-16T12:06:25Z">
          <params>
            <param index="0">
              <value>
                <![CDATA[TestDataProvideSBS]]>
              </value>
            </param>
          </params>
          <reporter-output>
          </reporter-output>
        </test-method> <!-- sbs -->
        <test-method status="PASS" signature="quitDriver()[pri:0, instance:prRequisition.Sbs@7c469c48]" name="quitDriver" is-config="true" duration-ms="1297" started-at="2022-03-16T12:06:25Z" finished-at="2022-03-16T12:06:27Z">
          <reporter-output>
          </reporter-output>
        </test-method> <!-- quitDriver -->
      </class> <!-- prRequisition.Sbs -->
    </test> <!-- Test -->
  </suite> <!-- Suite -->
</testng-results>
